<?xml version="1.0" encoding="UTF-8"?>
<testng-results ignored="0" total="14" passed="13" failed="1" skipped="0">
  <reporter-output>
  </reporter-output>
  <suite started-at="2024-05-31T15:55:56 IST" name="Open Cart Automation Suite" finished-at="2024-05-31T15:56:50 IST" duration-ms="54584">
    <groups>
    </groups>
    <test started-at="2024-05-31T15:55:56 IST" name="Open Cart Automation Test Cases" finished-at="2024-05-31T15:56:50 IST" duration-ms="54584">
      <class name="com.opencart.tests.LoginTest">
        <test-method is-config="true" signature="setUp()[pri:0, instance:com.opencart.tests.LoginTest@397fbdb]" started-at="2024-05-31T15:56:16 IST" name="setUp" finished-at="2024-05-31T15:56:18 IST" duration-ms="2168" status="PASS">
          <reporter-output>
          </reporter-output>
        </test-method> <!-- setUp -->
        <test-method signature="verifyLoginWithValidCredentials(java.lang.String,java.lang.String)[pri:1, instance:com.opencart.tests.LoginTest@397fbdb]" started-at="2024-05-31T15:56:18 IST" name="verifyLoginWithValidCredentials" data-provider="validCredentialSupplier" finished-at="2024-05-31T15:56:19 IST" duration-ms="1495" status="PASS">
          <params>
            <param index="0">
              <value>
                <![CDATA[satheesh.it47@gmail.com]]>
              </value>
            </param>
            <param index="1">
              <value>
                <![CDATA[Tester@2024]]>
              </value>
            </param>
          </params>
          <reporter-output>
          </reporter-output>
        </test-method> <!-- verifyLoginWithValidCredentials -->
        <test-method is-config="true" signature="tearDown()[pri:0, instance:com.opencart.tests.LoginTest@397fbdb]" started-at="2024-05-31T15:56:19 IST" name="tearDown" finished-at="2024-05-31T15:56:20 IST" duration-ms="396" status="PASS">
          <reporter-output>
          </reporter-output>
        </test-method> <!-- tearDown -->
        <test-method is-config="true" signature="setUp()[pri:0, instance:com.opencart.tests.LoginTest@397fbdb]" started-at="2024-05-31T15:56:20 IST" name="setUp" finished-at="2024-05-31T15:56:22 IST" duration-ms="2154" status="PASS">
          <reporter-output>
          </reporter-output>
        </test-method> <!-- setUp -->
        <test-method signature="verifyLoginWithValidCredentials(java.lang.String,java.lang.String)[pri:1, instance:com.opencart.tests.LoginTest@397fbdb]" started-at="2024-05-31T15:56:22 IST" name="verifyLoginWithValidCredentials" data-provider="validCredentialSupplier" finished-at="2024-05-31T15:56:23 IST" duration-ms="1429" status="PASS">
          <params>
            <param index="0">
              <value>
                <![CDATA[satheesh.it48@gmail.com]]>
              </value>
            </param>
            <param index="1">
              <value>
                <![CDATA[Tester@2024]]>
              </value>
            </param>
          </params>
          <reporter-output>
          </reporter-output>
        </test-method> <!-- verifyLoginWithValidCredentials -->
        <test-method is-config="true" signature="tearDown()[pri:0, instance:com.opencart.tests.LoginTest@397fbdb]" started-at="2024-05-31T15:56:23 IST" name="tearDown" finished-at="2024-05-31T15:56:24 IST" duration-ms="392" status="PASS">
          <reporter-output>
          </reporter-output>
        </test-method> <!-- tearDown -->
        <test-method is-config="true" signature="setUp()[pri:0, instance:com.opencart.tests.LoginTest@397fbdb]" started-at="2024-05-31T15:56:24 IST" name="setUp" finished-at="2024-05-31T15:56:26 IST" duration-ms="2008" status="PASS">
          <reporter-output>
          </reporter-output>
        </test-method> <!-- setUp -->
        <test-method signature="verifyLoginWithValidCredentials(java.lang.String,java.lang.String)[pri:1, instance:com.opencart.tests.LoginTest@397fbdb]" started-at="2024-05-31T15:56:26 IST" name="verifyLoginWithValidCredentials" data-provider="validCredentialSupplier" finished-at="2024-05-31T15:56:27 IST" duration-ms="1506" status="PASS">
          <params>
            <param index="0">
              <value>
                <![CDATA[satheesh.it49@gmail.com]]>
              </value>
            </param>
            <param index="1">
              <value>
                <![CDATA[Tester@2024]]>
              </value>
            </param>
          </params>
          <reporter-output>
          </reporter-output>
        </test-method> <!-- verifyLoginWithValidCredentials -->
        <test-method is-config="true" signature="tearDown()[pri:0, instance:com.opencart.tests.LoginTest@397fbdb]" started-at="2024-05-31T15:56:27 IST" name="tearDown" finished-at="2024-05-31T15:56:27 IST" duration-ms="411" status="PASS">
          <reporter-output>
          </reporter-output>
        </test-method> <!-- tearDown -->
        <test-method is-config="true" signature="setUp()[pri:0, instance:com.opencart.tests.LoginTest@397fbdb]" started-at="2024-05-31T15:56:27 IST" name="setUp" finished-at="2024-05-31T15:56:30 IST" duration-ms="2056" status="PASS">
          <reporter-output>
          </reporter-output>
        </test-method> <!-- setUp -->
        <test-method signature="verifyLoginWithInvalidCredentials()[pri:2, instance:com.opencart.tests.LoginTest@397fbdb]" started-at="2024-05-31T15:56:30 IST" name="verifyLoginWithInvalidCredentials" finished-at="2024-05-31T15:56:31 IST" duration-ms="1508" status="PASS">
          <reporter-output>
          </reporter-output>
        </test-method> <!-- verifyLoginWithInvalidCredentials -->
        <test-method is-config="true" signature="tearDown()[pri:0, instance:com.opencart.tests.LoginTest@397fbdb]" started-at="2024-05-31T15:56:31 IST" name="tearDown" finished-at="2024-05-31T15:56:31 IST" duration-ms="384" status="PASS">
          <reporter-output>
          </reporter-output>
        </test-method> <!-- tearDown -->
        <test-method is-config="true" signature="setUp()[pri:0, instance:com.opencart.tests.LoginTest@397fbdb]" started-at="2024-05-31T15:56:31 IST" name="setUp" finished-at="2024-05-31T15:56:34 IST" duration-ms="2167" status="PASS">
          <reporter-output>
          </reporter-output>
        </test-method> <!-- setUp -->
        <test-method signature="verifyLoginWithInvalidEmailAndValidPassword()[pri:3, instance:com.opencart.tests.LoginTest@397fbdb]" started-at="2024-05-31T15:56:34 IST" name="verifyLoginWithInvalidEmailAndValidPassword" finished-at="2024-05-31T15:56:35 IST" duration-ms="1350" status="PASS">
          <reporter-output>
          </reporter-output>
        </test-method> <!-- verifyLoginWithInvalidEmailAndValidPassword -->
        <test-method is-config="true" signature="tearDown()[pri:0, instance:com.opencart.tests.LoginTest@397fbdb]" started-at="2024-05-31T15:56:35 IST" name="tearDown" finished-at="2024-05-31T15:56:35 IST" duration-ms="360" status="PASS">
          <reporter-output>
          </reporter-output>
        </test-method> <!-- tearDown -->
        <test-method is-config="true" signature="setUp()[pri:0, instance:com.opencart.tests.LoginTest@397fbdb]" started-at="2024-05-31T15:56:35 IST" name="setUp" finished-at="2024-05-31T15:56:37 IST" duration-ms="2118" status="PASS">
          <reporter-output>
          </reporter-output>
        </test-method> <!-- setUp -->
        <test-method signature="verifyLoginWithValidEmailAndInvalidPassword()[pri:4, instance:com.opencart.tests.LoginTest@397fbdb]" started-at="2024-05-31T15:56:37 IST" name="verifyLoginWithValidEmailAndInvalidPassword" finished-at="2024-05-31T15:56:39 IST" duration-ms="1454" status="PASS">
          <reporter-output>
          </reporter-output>
        </test-method> <!-- verifyLoginWithValidEmailAndInvalidPassword -->
        <test-method is-config="true" signature="tearDown()[pri:0, instance:com.opencart.tests.LoginTest@397fbdb]" started-at="2024-05-31T15:56:39 IST" name="tearDown" finished-at="2024-05-31T15:56:39 IST" duration-ms="368" status="PASS">
          <reporter-output>
          </reporter-output>
        </test-method> <!-- tearDown -->
        <test-method is-config="true" signature="setUp()[pri:0, instance:com.opencart.tests.LoginTest@397fbdb]" started-at="2024-05-31T15:56:39 IST" name="setUp" finished-at="2024-05-31T15:56:41 IST" duration-ms="2064" status="PASS">
          <reporter-output>
          </reporter-output>
        </test-method> <!-- setUp -->
        <test-method signature="verifyLoginWithoutProvidingCredentials()[pri:5, instance:com.opencart.tests.LoginTest@397fbdb]" started-at="2024-05-31T15:56:41 IST" name="verifyLoginWithoutProvidingCredentials" finished-at="2024-05-31T15:56:42 IST" duration-ms="971" status="FAIL">
          <exception class="java.lang.AssertionError">
            <message>
              <![CDATA[Warning message is not displayed expected [true] but found [false]]]>
            </message>
            <full-stacktrace>
              <![CDATA[java.lang.AssertionError: Warning message is not displayed expected [true] but found [false]
at org.testng.Assert.fail(Assert.java:111)
at org.testng.Assert.failNotEquals(Assert.java:1578)
at org.testng.Assert.assertTrue(Assert.java:57)
at com.opencart.tests.LoginTest.verifyLoginWithoutProvidingCredentials(LoginTest.java:77)
at java.base/jdk.internal.reflect.NativeMethodAccessorImpl.invoke0(Native Method)
at java.base/jdk.internal.reflect.NativeMethodAccessorImpl.invoke(NativeMethodAccessorImpl.java:77)
at java.base/jdk.internal.reflect.DelegatingMethodAccessorImpl.invoke(DelegatingMethodAccessorImpl.java:43)
at java.base/java.lang.reflect.Method.invoke(Method.java:568)
at org.testng.internal.invokers.MethodInvocationHelper.invokeMethod(MethodInvocationHelper.java:141)
at org.testng.internal.invokers.TestInvoker.invokeMethod(TestInvoker.java:686)
at org.testng.internal.invokers.TestInvoker.invokeTestMethod(TestInvoker.java:230)
at org.testng.internal.invokers.MethodRunner.runInSequence(MethodRunner.java:63)
at org.testng.internal.invokers.TestInvoker$MethodInvocationAgent.invoke(TestInvoker.java:992)
at org.testng.internal.invokers.TestInvoker.invokeTestMethods(TestInvoker.java:203)
at org.testng.internal.invokers.TestMethodWorker.invokeTestMethods(TestMethodWorker.java:154)
at org.testng.internal.invokers.TestMethodWorker.run(TestMethodWorker.java:134)
at java.base/java.util.ArrayList.forEach(ArrayList.java:1511)
at org.testng.TestRunner.privateRun(TestRunner.java:739)
at org.testng.TestRunner.run(TestRunner.java:614)
at org.testng.SuiteRunner.runTest(SuiteRunner.java:421)
at org.testng.SuiteRunner.runSequentially(SuiteRunner.java:413)
at org.testng.SuiteRunner.privateRun(SuiteRunner.java:373)
at org.testng.SuiteRunner.run(SuiteRunner.java:312)
at org.testng.SuiteRunnerWorker.runSuite(SuiteRunnerWorker.java:52)
at org.testng.SuiteRunnerWorker.run(SuiteRunnerWorker.java:95)
at org.testng.TestNG.runSuitesSequentially(TestNG.java:1274)
at org.testng.TestNG.runSuitesLocally(TestNG.java:1208)
at org.testng.TestNG.runSuites(TestNG.java:1112)
at org.testng.TestNG.run(TestNG.java:1079)
at org.apache.maven.surefire.testng.TestNGExecutor.run(TestNGExecutor.java:308)
at org.apache.maven.surefire.testng.TestNGXmlTestSuite.execute(TestNGXmlTestSuite.java:71)
at org.apache.maven.surefire.testng.TestNGProvider.invoke(TestNGProvider.java:113)
at org.apache.maven.surefire.booter.ForkedBooter.runSuitesInProcess(ForkedBooter.java:385)
at org.apache.maven.surefire.booter.ForkedBooter.execute(ForkedBooter.java:162)
at org.apache.maven.surefire.booter.ForkedBooter.run(ForkedBooter.java:507)
at org.apache.maven.surefire.booter.ForkedBooter.main(ForkedBooter.java:495)
]]>
            </full-stacktrace>
          </exception> <!-- java.lang.AssertionError -->
          <reporter-output>
          </reporter-output>
        </test-method> <!-- verifyLoginWithoutProvidingCredentials -->
        <test-method is-config="true" signature="tearDown()[pri:0, instance:com.opencart.tests.LoginTest@397fbdb]" started-at="2024-05-31T15:56:43 IST" name="tearDown" finished-at="2024-05-31T15:56:43 IST" duration-ms="432" status="PASS">
          <reporter-output>
          </reporter-output>
        </test-method> <!-- tearDown -->
      </class> <!-- com.opencart.tests.LoginTest -->
      <class name="com.opencart.tests.RegisterTest">
        <test-method is-config="true" signature="setUp()[pri:0, instance:com.opencart.tests.RegisterTest@1283bb96]" started-at="2024-05-31T15:55:56 IST" name="setUp" finished-at="2024-05-31T15:55:59 IST" duration-ms="3130" status="PASS">
          <reporter-output>
          </reporter-output>
        </test-method> <!-- setUp -->
        <test-method signature="verifyRegisteringAnAccountWithMandatoryFields()[pri:1, instance:com.opencart.tests.RegisterTest@1283bb96]" started-at="2024-05-31T15:55:59 IST" name="verifyRegisteringAnAccountWithMandatoryFields" finished-at="2024-05-31T15:56:01 IST" duration-ms="1659" status="PASS">
          <reporter-output>
          </reporter-output>
        </test-method> <!-- verifyRegisteringAnAccountWithMandatoryFields -->
        <test-method is-config="true" signature="tearDown()[pri:0, instance:com.opencart.tests.RegisterTest@1283bb96]" started-at="2024-05-31T15:56:01 IST" name="tearDown" finished-at="2024-05-31T15:56:01 IST" duration-ms="340" status="PASS">
          <reporter-output>
          </reporter-output>
        </test-method> <!-- tearDown -->
        <test-method is-config="true" signature="setUp()[pri:0, instance:com.opencart.tests.RegisterTest@1283bb96]" started-at="2024-05-31T15:56:01 IST" name="setUp" finished-at="2024-05-31T15:56:03 IST" duration-ms="2317" status="PASS">
          <reporter-output>
          </reporter-output>
        </test-method> <!-- setUp -->
        <test-method signature="verifyRegisteringAccountByProvidingAllFields()[pri:2, instance:com.opencart.tests.RegisterTest@1283bb96]" started-at="2024-05-31T15:56:03 IST" name="verifyRegisteringAccountByProvidingAllFields" finished-at="2024-05-31T15:56:06 IST" duration-ms="2448" status="PASS">
          <reporter-output>
          </reporter-output>
        </test-method> <!-- verifyRegisteringAccountByProvidingAllFields -->
        <test-method is-config="true" signature="tearDown()[pri:0, instance:com.opencart.tests.RegisterTest@1283bb96]" started-at="2024-05-31T15:56:06 IST" name="tearDown" finished-at="2024-05-31T15:56:06 IST" duration-ms="333" status="PASS">
          <reporter-output>
          </reporter-output>
        </test-method> <!-- tearDown -->
        <test-method is-config="true" signature="setUp()[pri:0, instance:com.opencart.tests.RegisterTest@1283bb96]" started-at="2024-05-31T15:56:06 IST" name="setUp" finished-at="2024-05-31T15:56:08 IST" duration-ms="2264" status="PASS">
          <reporter-output>
          </reporter-output>
        </test-method> <!-- setUp -->
        <test-method signature="verifyRegisteringAccountWithExistingEmailAddress()[pri:3, instance:com.opencart.tests.RegisterTest@1283bb96]" started-at="2024-05-31T15:56:08 IST" name="verifyRegisteringAccountWithExistingEmailAddress" finished-at="2024-05-31T15:56:11 IST" duration-ms="2300" status="PASS">
          <reporter-output>
          </reporter-output>
        </test-method> <!-- verifyRegisteringAccountWithExistingEmailAddress -->
        <test-method is-config="true" signature="tearDown()[pri:0, instance:com.opencart.tests.RegisterTest@1283bb96]" started-at="2024-05-31T15:56:11 IST" name="tearDown" finished-at="2024-05-31T15:56:11 IST" duration-ms="347" status="PASS">
          <reporter-output>
          </reporter-output>
        </test-method> <!-- tearDown -->
        <test-method is-config="true" signature="setUp()[pri:0, instance:com.opencart.tests.RegisterTest@1283bb96]" started-at="2024-05-31T15:56:11 IST" name="setUp" finished-at="2024-05-31T15:56:13 IST" duration-ms="2229" status="PASS">
          <reporter-output>
          </reporter-output>
        </test-method> <!-- setUp -->
        <test-method signature="verifyRegisteringAccountWithoutFillingAnyDetails()[pri:4, instance:com.opencart.tests.RegisterTest@1283bb96]" started-at="2024-05-31T15:56:13 IST" name="verifyRegisteringAccountWithoutFillingAnyDetails" finished-at="2024-05-31T15:56:14 IST" duration-ms="1066" status="PASS">
          <reporter-output>
          </reporter-output>
        </test-method> <!-- verifyRegisteringAccountWithoutFillingAnyDetails -->
        <test-method is-config="true" signature="tearDown()[pri:0, instance:com.opencart.tests.RegisterTest@1283bb96]" started-at="2024-05-31T15:56:14 IST" name="tearDown" finished-at="2024-05-31T15:56:15 IST" duration-ms="325" status="PASS">
          <reporter-output>
          </reporter-output>
        </test-method> <!-- tearDown -->
      </class> <!-- com.opencart.tests.RegisterTest -->
      <class name="com.opencart.tests.SearchTest">
        <test-method is-config="true" signature="setUp()[pri:0, instance:com.opencart.tests.SearchTest@33d512c1]" started-at="2024-05-31T15:56:43 IST" name="setUp" finished-at="2024-05-31T15:56:44 IST" duration-ms="1278" status="PASS">
          <reporter-output>
          </reporter-output>
        </test-method> <!-- setUp -->
        <test-method signature="verifySearchWithValidProduct()[pri:1, instance:com.opencart.tests.SearchTest@33d512c1]" started-at="2024-05-31T15:56:44 IST" name="verifySearchWithValidProduct" finished-at="2024-05-31T15:56:45 IST" duration-ms="965" status="PASS">
          <reporter-output>
          </reporter-output>
        </test-method> <!-- verifySearchWithValidProduct -->
        <test-method is-config="true" signature="tearDown()[pri:0, instance:com.opencart.tests.SearchTest@33d512c1]" started-at="2024-05-31T15:56:45 IST" name="tearDown" finished-at="2024-05-31T15:56:45 IST" duration-ms="305" status="PASS">
          <reporter-output>
          </reporter-output>
        </test-method> <!-- tearDown -->
        <test-method is-config="true" signature="setUp()[pri:0, instance:com.opencart.tests.SearchTest@33d512c1]" started-at="2024-05-31T15:56:45 IST" name="setUp" finished-at="2024-05-31T15:56:47 IST" duration-ms="1921" status="PASS">
          <reporter-output>
          </reporter-output>
        </test-method> <!-- setUp -->
        <test-method signature="verifySearchWithInvalidProduct()[pri:2, instance:com.opencart.tests.SearchTest@33d512c1]" started-at="2024-05-31T15:56:47 IST" name="verifySearchWithInvalidProduct" finished-at="2024-05-31T15:56:48 IST" duration-ms="485" status="PASS">
          <reporter-output>
          </reporter-output>
        </test-method> <!-- verifySearchWithInvalidProduct -->
        <test-method is-config="true" signature="tearDown()[pri:0, instance:com.opencart.tests.SearchTest@33d512c1]" started-at="2024-05-31T15:56:48 IST" name="tearDown" finished-at="2024-05-31T15:56:48 IST" duration-ms="257" status="PASS">
          <reporter-output>
          </reporter-output>
        </test-method> <!-- tearDown -->
        <test-method is-config="true" signature="setUp()[pri:0, instance:com.opencart.tests.SearchTest@33d512c1]" started-at="2024-05-31T15:56:48 IST" name="setUp" finished-at="2024-05-31T15:56:50 IST" duration-ms="1454" status="PASS">
          <reporter-output>
          </reporter-output>
        </test-method> <!-- setUp -->
        <test-method signature="verifySearchWithoutAnyProduct()[pri:3, instance:com.opencart.tests.SearchTest@33d512c1]" started-at="2024-05-31T15:56:50 IST" name="verifySearchWithoutAnyProduct" finished-at="2024-05-31T15:56:50 IST" duration-ms="300" status="PASS">
          <reporter-output>
          </reporter-output>
        </test-method> <!-- verifySearchWithoutAnyProduct -->
        <test-method is-config="true" signature="tearDown()[pri:0, instance:com.opencart.tests.SearchTest@33d512c1]" started-at="2024-05-31T15:56:50 IST" name="tearDown" finished-at="2024-05-31T15:56:50 IST" duration-ms="294" status="PASS">
          <reporter-output>
          </reporter-output>
        </test-method> <!-- tearDown -->
      </class> <!-- com.opencart.tests.SearchTest -->
    </test> <!-- Open Cart Automation Test Cases -->
  </suite> <!-- Open Cart Automation Suite -->
</testng-results>
