<?xml version="1.0" encoding="UTF-8"?>
<!-- Generated by org.testng.reporters.JUnitXMLReporter -->
<testsuite ignored="0" hostname="Satheesh-Vidhya-Venpa" failures="1" tests="14" name="Open Cart Automation Test Cases" time="54.584" errors="0" timestamp="2024-05-31T15:56:53 IST">
  <testcase classname="com.opencart.tests.RegisterTest" name="verifyRegisteringAnAccountWithMandatoryFields" time="1.659"/>
  <testcase classname="com.opencart.tests.RegisterTest" name="verifyRegisteringAccountByProvidingAllFields" time="2.448"/>
  <testcase classname="com.opencart.tests.RegisterTest" name="verifyRegisteringAccountWithExistingEmailAddress" time="2.3"/>
  <testcase classname="com.opencart.tests.RegisterTest" name="verifyRegisteringAccountWithoutFillingAnyDetails" time="1.066"/>
  <testcase classname="com.opencart.tests.LoginTest" name="verifyLoginWithValidCredentials" time="1.495"/>
  <testcase classname="com.opencart.tests.LoginTest" name="verifyLoginWithValidCredentials" time="1.429"/>
  <testcase classname="com.opencart.tests.LoginTest" name="verifyLoginWithValidCredentials" time="1.506"/>
  <testcase classname="com.opencart.tests.LoginTest" name="verifyLoginWithInvalidCredentials" time="1.508"/>
  <testcase classname="com.opencart.tests.LoginTest" name="verifyLoginWithInvalidEmailAndValidPassword" time="1.35"/>
  <testcase classname="com.opencart.tests.LoginTest" name="verifyLoginWithValidEmailAndInvalidPassword" time="1.454"/>
  <testcase classname="com.opencart.tests.LoginTest" name="verifyLoginWithoutProvidingCredentials" time="0.971">
    <failure type="java.lang.AssertionError" message="Warning message is not displayed expected [true] but found [false]">
      <![CDATA[java.lang.AssertionError: Warning message is not displayed expected [true] but found [false]
at org.testng.Assert.fail(Assert.java:111)
at org.testng.Assert.failNotEquals(Assert.java:1578)
at org.testng.Assert.assertTrue(Assert.java:57)
at com.opencart.tests.LoginTest.verifyLoginWithoutProvidingCredentials(LoginTest.java:77)
at java.base/jdk.internal.reflect.NativeMethodAccessorImpl.invoke0(Native Method)
at java.base/jdk.internal.reflect.NativeMethodAccessorImpl.invoke(NativeMethodAccessorImpl.java:77)
at java.base/jdk.internal.reflect.DelegatingMethodAccessorImpl.invoke(DelegatingMethodAccessorImpl.java:43)
at java.base/java.lang.reflect.Method.invoke(Method.java:568)
at org.testng.internal.invokers.MethodInvocationHelper.invokeMethod(MethodInvocationHelper.java:141)
at org.testng.internal.invokers.TestInvoker.invokeMethod(TestInvoker.java:686)
at org.testng.internal.invokers.TestInvoker.invokeTestMethod(TestInvoker.java:230)
at org.testng.internal.invokers.MethodRunner.runInSequence(MethodRunner.java:63)
at org.testng.internal.invokers.TestInvoker$MethodInvocationAgent.invoke(TestInvoker.java:992)
at org.testng.internal.invokers.TestInvoker.invokeTestMethods(TestInvoker.java:203)
at org.testng.internal.invokers.TestMethodWorker.invokeTestMethods(TestMethodWorker.java:154)
at org.testng.internal.invokers.TestMethodWorker.run(TestMethodWorker.java:134)
at java.base/java.util.ArrayList.forEach(ArrayList.java:1511)
at org.testng.TestRunner.privateRun(TestRunner.java:739)
at org.testng.TestRunner.run(TestRunner.java:614)
at org.testng.SuiteRunner.runTest(SuiteRunner.java:421)
at org.testng.SuiteRunner.runSequentially(SuiteRunner.java:413)
at org.testng.SuiteRunner.privateRun(SuiteRunner.java:373)
at org.testng.SuiteRunner.run(SuiteRunner.java:312)
at org.testng.SuiteRunnerWorker.runSuite(SuiteRunnerWorker.java:52)
at org.testng.SuiteRunnerWorker.run(SuiteRunnerWorker.java:95)
at org.testng.TestNG.runSuitesSequentially(TestNG.java:1274)
at org.testng.TestNG.runSuitesLocally(TestNG.java:1208)
at org.testng.TestNG.runSuites(TestNG.java:1112)
at org.testng.TestNG.run(TestNG.java:1079)
at org.apache.maven.surefire.testng.TestNGExecutor.run(TestNGExecutor.java:308)
at org.apache.maven.surefire.testng.TestNGXmlTestSuite.execute(TestNGXmlTestSuite.java:71)
at org.apache.maven.surefire.testng.TestNGProvider.invoke(TestNGProvider.java:113)
at org.apache.maven.surefire.booter.ForkedBooter.runSuitesInProcess(ForkedBooter.java:385)
at org.apache.maven.surefire.booter.ForkedBooter.execute(ForkedBooter.java:162)
at org.apache.maven.surefire.booter.ForkedBooter.run(ForkedBooter.java:507)
at org.apache.maven.surefire.booter.ForkedBooter.main(ForkedBooter.java:495)
]]>
    </failure>
  </testcase> <!-- verifyLoginWithoutProvidingCredentials -->
  <testcase classname="com.opencart.tests.SearchTest" name="verifySearchWithValidProduct" time="0.965"/>
  <testcase classname="com.opencart.tests.SearchTest" name="verifySearchWithInvalidProduct" time="0.485"/>
  <testcase classname="com.opencart.tests.SearchTest" name="verifySearchWithoutAnyProduct" time="0.3"/>
</testsuite> <!-- Open Cart Automation Test Cases -->
