<?xml version="1.0" encoding="UTF-8"?>
<testng-results ignored="0" total="14" passed="13" failed="1" skipped="0">
  <reporter-output>
  </reporter-output>
  <suite started-at="2024-05-31T14:37:07 IST" name="Open Cart Automation Suite" finished-at="2024-05-31T14:37:56 IST" duration-ms="49164">
    <groups>
    </groups>
    <test started-at="2024-05-31T14:37:07 IST" name="Open Cart Automation Test Cases" finished-at="2024-05-31T14:37:56 IST" duration-ms="49164">
      <class name="com.opencart.tests.LoginTest">
        <test-method is-config="true" signature="setUp()[pri:0, instance:com.opencart.tests.LoginTest@4b0b0854]" started-at="2024-05-31T14:37:25 IST" name="setUp" finished-at="2024-05-31T14:37:27 IST" duration-ms="1937" status="PASS">
          <reporter-output>
          </reporter-output>
        </test-method> <!-- setUp -->
        <test-method signature="verifyLoginWithValidCredentials(java.lang.String,java.lang.String)[pri:1, instance:com.opencart.tests.LoginTest@4b0b0854]" started-at="2024-05-31T14:37:27 IST" name="verifyLoginWithValidCredentials" data-provider="validCredentialSupplier" finished-at="2024-05-31T14:37:28 IST" duration-ms="1422" status="PASS">
          <params>
            <param index="0">
              <value>
                <![CDATA[satheesh.it47@gmail.com]]>
              </value>
            </param>
            <param index="1">
              <value>
                <![CDATA[Tester@2024]]>
              </value>
            </param>
          </params>
          <reporter-output>
          </reporter-output>
        </test-method> <!-- verifyLoginWithValidCredentials -->
        <test-method is-config="true" signature="tearDown()[pri:0, instance:com.opencart.tests.LoginTest@4b0b0854]" started-at="2024-05-31T14:37:28 IST" name="tearDown" finished-at="2024-05-31T14:37:29 IST" duration-ms="252" status="PASS">
          <reporter-output>
          </reporter-output>
        </test-method> <!-- tearDown -->
        <test-method is-config="true" signature="setUp()[pri:0, instance:com.opencart.tests.LoginTest@4b0b0854]" started-at="2024-05-31T14:37:29 IST" name="setUp" finished-at="2024-05-31T14:37:31 IST" duration-ms="2052" status="PASS">
          <reporter-output>
          </reporter-output>
        </test-method> <!-- setUp -->
        <test-method signature="verifyLoginWithValidCredentials(java.lang.String,java.lang.String)[pri:1, instance:com.opencart.tests.LoginTest@4b0b0854]" started-at="2024-05-31T14:37:31 IST" name="verifyLoginWithValidCredentials" data-provider="validCredentialSupplier" finished-at="2024-05-31T14:37:32 IST" duration-ms="1318" status="PASS">
          <params>
            <param index="0">
              <value>
                <![CDATA[satheesh.it48@gmail.com]]>
              </value>
            </param>
            <param index="1">
              <value>
                <![CDATA[Tester@2024]]>
              </value>
            </param>
          </params>
          <reporter-output>
          </reporter-output>
        </test-method> <!-- verifyLoginWithValidCredentials -->
        <test-method is-config="true" signature="tearDown()[pri:0, instance:com.opencart.tests.LoginTest@4b0b0854]" started-at="2024-05-31T14:37:32 IST" name="tearDown" finished-at="2024-05-31T14:37:32 IST" duration-ms="278" status="PASS">
          <reporter-output>
          </reporter-output>
        </test-method> <!-- tearDown -->
        <test-method is-config="true" signature="setUp()[pri:0, instance:com.opencart.tests.LoginTest@4b0b0854]" started-at="2024-05-31T14:37:32 IST" name="setUp" finished-at="2024-05-31T14:37:34 IST" duration-ms="1950" status="PASS">
          <reporter-output>
          </reporter-output>
        </test-method> <!-- setUp -->
        <test-method signature="verifyLoginWithValidCredentials(java.lang.String,java.lang.String)[pri:1, instance:com.opencart.tests.LoginTest@4b0b0854]" started-at="2024-05-31T14:37:34 IST" name="verifyLoginWithValidCredentials" data-provider="validCredentialSupplier" finished-at="2024-05-31T14:37:36 IST" duration-ms="1247" status="PASS">
          <params>
            <param index="0">
              <value>
                <![CDATA[satheesh.it49@gmail.com]]>
              </value>
            </param>
            <param index="1">
              <value>
                <![CDATA[Tester@2024]]>
              </value>
            </param>
          </params>
          <reporter-output>
          </reporter-output>
        </test-method> <!-- verifyLoginWithValidCredentials -->
        <test-method is-config="true" signature="tearDown()[pri:0, instance:com.opencart.tests.LoginTest@4b0b0854]" started-at="2024-05-31T14:37:36 IST" name="tearDown" finished-at="2024-05-31T14:37:36 IST" duration-ms="262" status="PASS">
          <reporter-output>
          </reporter-output>
        </test-method> <!-- tearDown -->
        <test-method is-config="true" signature="setUp()[pri:0, instance:com.opencart.tests.LoginTest@4b0b0854]" started-at="2024-05-31T14:37:36 IST" name="setUp" finished-at="2024-05-31T14:37:38 IST" duration-ms="2087" status="PASS">
          <reporter-output>
          </reporter-output>
        </test-method> <!-- setUp -->
        <test-method signature="verifyLoginWithInvalidCredentials()[pri:2, instance:com.opencart.tests.LoginTest@4b0b0854]" started-at="2024-05-31T14:37:38 IST" name="verifyLoginWithInvalidCredentials" finished-at="2024-05-31T14:37:39 IST" duration-ms="1157" status="PASS">
          <reporter-output>
          </reporter-output>
        </test-method> <!-- verifyLoginWithInvalidCredentials -->
        <test-method is-config="true" signature="tearDown()[pri:0, instance:com.opencart.tests.LoginTest@4b0b0854]" started-at="2024-05-31T14:37:39 IST" name="tearDown" finished-at="2024-05-31T14:37:39 IST" duration-ms="250" status="PASS">
          <reporter-output>
          </reporter-output>
        </test-method> <!-- tearDown -->
        <test-method is-config="true" signature="setUp()[pri:0, instance:com.opencart.tests.LoginTest@4b0b0854]" started-at="2024-05-31T14:37:39 IST" name="setUp" finished-at="2024-05-31T14:37:41 IST" duration-ms="2033" status="PASS">
          <reporter-output>
          </reporter-output>
        </test-method> <!-- setUp -->
        <test-method signature="verifyLoginWithInvalidEmailAndValidPassword()[pri:3, instance:com.opencart.tests.LoginTest@4b0b0854]" started-at="2024-05-31T14:37:41 IST" name="verifyLoginWithInvalidEmailAndValidPassword" finished-at="2024-05-31T14:37:43 IST" duration-ms="1171" status="PASS">
          <reporter-output>
          </reporter-output>
        </test-method> <!-- verifyLoginWithInvalidEmailAndValidPassword -->
        <test-method is-config="true" signature="tearDown()[pri:0, instance:com.opencart.tests.LoginTest@4b0b0854]" started-at="2024-05-31T14:37:43 IST" name="tearDown" finished-at="2024-05-31T14:37:43 IST" duration-ms="290" status="PASS">
          <reporter-output>
          </reporter-output>
        </test-method> <!-- tearDown -->
        <test-method is-config="true" signature="setUp()[pri:0, instance:com.opencart.tests.LoginTest@4b0b0854]" started-at="2024-05-31T14:37:43 IST" name="setUp" finished-at="2024-05-31T14:37:45 IST" duration-ms="2142" status="PASS">
          <reporter-output>
          </reporter-output>
        </test-method> <!-- setUp -->
        <test-method signature="verifyLoginWithValidEmailAndInvalidPassword()[pri:4, instance:com.opencart.tests.LoginTest@4b0b0854]" started-at="2024-05-31T14:37:45 IST" name="verifyLoginWithValidEmailAndInvalidPassword" finished-at="2024-05-31T14:37:46 IST" duration-ms="992" status="PASS">
          <reporter-output>
          </reporter-output>
        </test-method> <!-- verifyLoginWithValidEmailAndInvalidPassword -->
        <test-method is-config="true" signature="tearDown()[pri:0, instance:com.opencart.tests.LoginTest@4b0b0854]" started-at="2024-05-31T14:37:46 IST" name="tearDown" finished-at="2024-05-31T14:37:46 IST" duration-ms="305" status="PASS">
          <reporter-output>
          </reporter-output>
        </test-method> <!-- tearDown -->
        <test-method is-config="true" signature="setUp()[pri:0, instance:com.opencart.tests.LoginTest@4b0b0854]" started-at="2024-05-31T14:37:46 IST" name="setUp" finished-at="2024-05-31T14:37:48 IST" duration-ms="1962" status="PASS">
          <reporter-output>
          </reporter-output>
        </test-method> <!-- setUp -->
        <test-method signature="verifyLoginWithoutProvidingCredentials()[pri:5, instance:com.opencart.tests.LoginTest@4b0b0854]" started-at="2024-05-31T14:37:48 IST" name="verifyLoginWithoutProvidingCredentials" finished-at="2024-05-31T14:37:49 IST" duration-ms="689" status="FAIL">
          <exception class="java.lang.AssertionError">
            <message>
              <![CDATA[Warning message is not displayed expected [true] but found [false]]]>
            </message>
            <full-stacktrace>
              <![CDATA[java.lang.AssertionError: Warning message is not displayed expected [true] but found [false]
at org.testng.Assert.fail(Assert.java:111)
at org.testng.Assert.failNotEquals(Assert.java:1578)
at org.testng.Assert.assertTrue(Assert.java:57)
at com.opencart.tests.LoginTest.verifyLoginWithoutProvidingCredentials(LoginTest.java:77)
at java.base/jdk.internal.reflect.NativeMethodAccessorImpl.invoke0(Native Method)
at java.base/jdk.internal.reflect.NativeMethodAccessorImpl.invoke(NativeMethodAccessorImpl.java:77)
at java.base/jdk.internal.reflect.DelegatingMethodAccessorImpl.invoke(DelegatingMethodAccessorImpl.java:43)
at java.base/java.lang.reflect.Method.invoke(Method.java:568)
at org.testng.internal.invokers.MethodInvocationHelper.invokeMethod(MethodInvocationHelper.java:141)
at org.testng.internal.invokers.TestInvoker.invokeMethod(TestInvoker.java:686)
at org.testng.internal.invokers.TestInvoker.invokeTestMethod(TestInvoker.java:230)
at org.testng.internal.invokers.MethodRunner.runInSequence(MethodRunner.java:63)
at org.testng.internal.invokers.TestInvoker$MethodInvocationAgent.invoke(TestInvoker.java:992)
at org.testng.internal.invokers.TestInvoker.invokeTestMethods(TestInvoker.java:203)
at org.testng.internal.invokers.TestMethodWorker.invokeTestMethods(TestMethodWorker.java:154)
at org.testng.internal.invokers.TestMethodWorker.run(TestMethodWorker.java:134)
at java.base/java.util.ArrayList.forEach(ArrayList.java:1511)
at org.testng.TestRunner.privateRun(TestRunner.java:739)
at org.testng.TestRunner.run(TestRunner.java:614)
at org.testng.SuiteRunner.runTest(SuiteRunner.java:421)
at org.testng.SuiteRunner.runSequentially(SuiteRunner.java:413)
at org.testng.SuiteRunner.privateRun(SuiteRunner.java:373)
at org.testng.SuiteRunner.run(SuiteRunner.java:312)
at org.testng.SuiteRunnerWorker.runSuite(SuiteRunnerWorker.java:52)
at org.testng.SuiteRunnerWorker.run(SuiteRunnerWorker.java:95)
at org.testng.TestNG.runSuitesSequentially(TestNG.java:1274)
at org.testng.TestNG.runSuitesLocally(TestNG.java:1208)
at org.testng.TestNG.runSuites(TestNG.java:1112)
at org.testng.TestNG.run(TestNG.java:1079)
at com.intellij.rt.testng.IDEARemoteTestNG.run(IDEARemoteTestNG.java:66)
at com.intellij.rt.testng.RemoteTestNGStarter.main(RemoteTestNGStarter.java:109)
]]>
            </full-stacktrace>
          </exception> <!-- java.lang.AssertionError -->
          <reporter-output>
          </reporter-output>
        </test-method> <!-- verifyLoginWithoutProvidingCredentials -->
        <test-method is-config="true" signature="tearDown()[pri:0, instance:com.opencart.tests.LoginTest@4b0b0854]" started-at="2024-05-31T14:37:49 IST" name="tearDown" finished-at="2024-05-31T14:37:49 IST" duration-ms="257" status="PASS">
          <reporter-output>
          </reporter-output>
        </test-method> <!-- tearDown -->
      </class> <!-- com.opencart.tests.LoginTest -->
      <class name="com.opencart.tests.RegisterTest">
        <test-method is-config="true" signature="setUp()[pri:0, instance:com.opencart.tests.RegisterTest@79b06cab]" started-at="2024-05-31T14:37:07 IST" name="setUp" finished-at="2024-05-31T14:37:10 IST" duration-ms="3052" status="PASS">
          <reporter-output>
          </reporter-output>
        </test-method> <!-- setUp -->
        <test-method signature="verifyRegisteringAnAccountWithMandatoryFields()[pri:1, instance:com.opencart.tests.RegisterTest@79b06cab]" started-at="2024-05-31T14:37:10 IST" name="verifyRegisteringAnAccountWithMandatoryFields" finished-at="2024-05-31T14:37:12 IST" duration-ms="1699" status="PASS">
          <reporter-output>
          </reporter-output>
        </test-method> <!-- verifyRegisteringAnAccountWithMandatoryFields -->
        <test-method is-config="true" signature="tearDown()[pri:0, instance:com.opencart.tests.RegisterTest@79b06cab]" started-at="2024-05-31T14:37:12 IST" name="tearDown" finished-at="2024-05-31T14:37:12 IST" duration-ms="257" status="PASS">
          <reporter-output>
          </reporter-output>
        </test-method> <!-- tearDown -->
        <test-method is-config="true" signature="setUp()[pri:0, instance:com.opencart.tests.RegisterTest@79b06cab]" started-at="2024-05-31T14:37:12 IST" name="setUp" finished-at="2024-05-31T14:37:15 IST" duration-ms="2302" status="PASS">
          <reporter-output>
          </reporter-output>
        </test-method> <!-- setUp -->
        <test-method signature="verifyRegisteringAccountByProvidingAllFields()[pri:2, instance:com.opencart.tests.RegisterTest@79b06cab]" started-at="2024-05-31T14:37:15 IST" name="verifyRegisteringAccountByProvidingAllFields" finished-at="2024-05-31T14:37:16 IST" duration-ms="1671" status="PASS">
          <reporter-output>
          </reporter-output>
        </test-method> <!-- verifyRegisteringAccountByProvidingAllFields -->
        <test-method is-config="true" signature="tearDown()[pri:0, instance:com.opencart.tests.RegisterTest@79b06cab]" started-at="2024-05-31T14:37:16 IST" name="tearDown" finished-at="2024-05-31T14:37:17 IST" duration-ms="238" status="PASS">
          <reporter-output>
          </reporter-output>
        </test-method> <!-- tearDown -->
        <test-method is-config="true" signature="setUp()[pri:0, instance:com.opencart.tests.RegisterTest@79b06cab]" started-at="2024-05-31T14:37:17 IST" name="setUp" finished-at="2024-05-31T14:37:19 IST" duration-ms="2324" status="PASS">
          <reporter-output>
          </reporter-output>
        </test-method> <!-- setUp -->
        <test-method signature="verifyRegisteringAccountWithExistingEmailAddress()[pri:3, instance:com.opencart.tests.RegisterTest@79b06cab]" started-at="2024-05-31T14:37:19 IST" name="verifyRegisteringAccountWithExistingEmailAddress" finished-at="2024-05-31T14:37:21 IST" duration-ms="1546" status="PASS">
          <reporter-output>
          </reporter-output>
        </test-method> <!-- verifyRegisteringAccountWithExistingEmailAddress -->
        <test-method is-config="true" signature="tearDown()[pri:0, instance:com.opencart.tests.RegisterTest@79b06cab]" started-at="2024-05-31T14:37:21 IST" name="tearDown" finished-at="2024-05-31T14:37:21 IST" duration-ms="261" status="PASS">
          <reporter-output>
          </reporter-output>
        </test-method> <!-- tearDown -->
        <test-method is-config="true" signature="setUp()[pri:0, instance:com.opencart.tests.RegisterTest@79b06cab]" started-at="2024-05-31T14:37:21 IST" name="setUp" finished-at="2024-05-31T14:37:23 IST" duration-ms="2283" status="PASS">
          <reporter-output>
          </reporter-output>
        </test-method> <!-- setUp -->
        <test-method signature="verifyRegisteringAccountWithoutFillingAnyDetails()[pri:4, instance:com.opencart.tests.RegisterTest@79b06cab]" started-at="2024-05-31T14:37:23 IST" name="verifyRegisteringAccountWithoutFillingAnyDetails" finished-at="2024-05-31T14:37:24 IST" duration-ms="923" status="PASS">
          <reporter-output>
          </reporter-output>
        </test-method> <!-- verifyRegisteringAccountWithoutFillingAnyDetails -->
        <test-method is-config="true" signature="tearDown()[pri:0, instance:com.opencart.tests.RegisterTest@79b06cab]" started-at="2024-05-31T14:37:24 IST" name="tearDown" finished-at="2024-05-31T14:37:24 IST" duration-ms="237" status="PASS">
          <reporter-output>
          </reporter-output>
        </test-method> <!-- tearDown -->
      </class> <!-- com.opencart.tests.RegisterTest -->
      <class name="com.opencart.tests.SearchTest">
        <test-method is-config="true" signature="setUp()[pri:0, instance:com.opencart.tests.SearchTest@19bb07ed]" started-at="2024-05-31T14:37:49 IST" name="setUp" finished-at="2024-05-31T14:37:51 IST" duration-ms="1776" status="PASS">
          <reporter-output>
          </reporter-output>
        </test-method> <!-- setUp -->
        <test-method signature="verifySearchWithValidProduct()[pri:1, instance:com.opencart.tests.SearchTest@19bb07ed]" started-at="2024-05-31T14:37:51 IST" name="verifySearchWithValidProduct" finished-at="2024-05-31T14:37:52 IST" duration-ms="484" status="PASS">
          <reporter-output>
          </reporter-output>
        </test-method> <!-- verifySearchWithValidProduct -->
        <test-method is-config="true" signature="tearDown()[pri:0, instance:com.opencart.tests.SearchTest@19bb07ed]" started-at="2024-05-31T14:37:52 IST" name="tearDown" finished-at="2024-05-31T14:37:52 IST" duration-ms="261" status="PASS">
          <reporter-output>
          </reporter-output>
        </test-method> <!-- tearDown -->
        <test-method is-config="true" signature="setUp()[pri:0, instance:com.opencart.tests.SearchTest@19bb07ed]" started-at="2024-05-31T14:37:52 IST" name="setUp" finished-at="2024-05-31T14:37:53 IST" duration-ms="1474" status="PASS">
          <reporter-output>
          </reporter-output>
        </test-method> <!-- setUp -->
        <test-method signature="verifySearchWithInvalidProduct()[pri:2, instance:com.opencart.tests.SearchTest@19bb07ed]" started-at="2024-05-31T14:37:53 IST" name="verifySearchWithInvalidProduct" finished-at="2024-05-31T14:37:54 IST" duration-ms="545" status="PASS">
          <reporter-output>
          </reporter-output>
        </test-method> <!-- verifySearchWithInvalidProduct -->
        <test-method is-config="true" signature="tearDown()[pri:0, instance:com.opencart.tests.SearchTest@19bb07ed]" started-at="2024-05-31T14:37:54 IST" name="tearDown" finished-at="2024-05-31T14:37:54 IST" duration-ms="256" status="PASS">
          <reporter-output>
          </reporter-output>
        </test-method> <!-- tearDown -->
        <test-method is-config="true" signature="setUp()[pri:0, instance:com.opencart.tests.SearchTest@19bb07ed]" started-at="2024-05-31T14:37:54 IST" name="setUp" finished-at="2024-05-31T14:37:56 IST" duration-ms="1447" status="PASS">
          <reporter-output>
          </reporter-output>
        </test-method> <!-- setUp -->
        <test-method signature="verifySearchWithoutAnyProduct()[pri:3, instance:com.opencart.tests.SearchTest@19bb07ed]" started-at="2024-05-31T14:37:56 IST" name="verifySearchWithoutAnyProduct" finished-at="2024-05-31T14:37:56 IST" duration-ms="334" status="PASS">
          <reporter-output>
          </reporter-output>
        </test-method> <!-- verifySearchWithoutAnyProduct -->
        <test-method is-config="true" signature="tearDown()[pri:0, instance:com.opencart.tests.SearchTest@19bb07ed]" started-at="2024-05-31T14:37:56 IST" name="tearDown" finished-at="2024-05-31T14:37:56 IST" duration-ms="308" status="PASS">
          <reporter-output>
          </reporter-output>
        </test-method> <!-- tearDown -->
      </class> <!-- com.opencart.tests.SearchTest -->
    </test> <!-- Open Cart Automation Test Cases -->
  </suite> <!-- Open Cart Automation Suite -->
</testng-results>
